[INFO ] 2020-06-03 16:34:15 [main] c.n.l.LibrarianWebUiApplication - Starting LibrarianWebUiApplication on PC-20180922LEEF with PID 25744 (D:\code\librarian\librarian-web-ui\target\classes started by Mypc in D:\code\librarian)
[INFO ] 2020-06-03 16:34:15 [main] c.n.l.LibrarianWebUiApplication - No active profile set, falling back to default profiles: default
[INFO ] 2020-06-03 16:34:15 [main] o.a.coyote.http11.Http11NioProtocol - Initializing ProtocolHandler ["http-nio-8999"]
[INFO ] 2020-06-03 16:34:15 [main] s.d.s.w.PropertySourcedRequestMappingHandlerMapping - Mapped URL path [/v2/api-docs] onto method [public org.springframework.http.ResponseEntity<springfox.documentation.spring.web.json.Json> springfox.documentation.swagger2.web.Swagger2Controller.getDocumentation(java.lang.String,javax.servlet.http.HttpServletRequest)]
[INFO ] 2020-06-03 16:34:15 [main] s.d.s.w.p.DocumentationPluginsBootstrapper - Context refreshed
[INFO ] 2020-06-03 16:34:15 [main] s.d.s.w.p.DocumentationPluginsBootstrapper - Found 1 custom documentation plugin(s)
[INFO ] 2020-06-03 16:34:15 [main] s.d.s.w.s.ApiListingReferenceScanner - Scanning for api listing references
[INFO ] 2020-06-03 16:34:15 [main] o.a.coyote.http11.Http11NioProtocol - Starting ProtocolHandler ["http-nio-8999"]
[INFO ] 2020-06-03 16:34:15 [main] c.n.l.LibrarianWebUiApplication - Started LibrarianWebUiApplication in 5.27 seconds (JVM running for 7.475)
[INFO ] 2020-06-03 16:40:26 [main] c.n.l.LibrarianWebUiApplication - Starting LibrarianWebUiApplication on PC-20180922LEEF with PID 15048 (D:\code\librarian\librarian-web-ui\target\classes started by Mypc in D:\code\librarian)
[INFO ] 2020-06-03 16:40:26 [main] c.n.l.LibrarianWebUiApplication - No active profile set, falling back to default profiles: default
[INFO ] 2020-06-03 16:40:26 [main] o.a.coyote.http11.Http11NioProtocol - Initializing ProtocolHandler ["http-nio-8999"]
[INFO ] 2020-06-03 16:40:26 [main] s.d.s.w.PropertySourcedRequestMappingHandlerMapping - Mapped URL path [/v2/api-docs] onto method [public org.springframework.http.ResponseEntity<springfox.documentation.spring.web.json.Json> springfox.documentation.swagger2.web.Swagger2Controller.getDocumentation(java.lang.String,javax.servlet.http.HttpServletRequest)]
[INFO ] 2020-06-03 16:40:26 [main] s.d.s.w.p.DocumentationPluginsBootstrapper - Context refreshed
[INFO ] 2020-06-03 16:40:26 [main] s.d.s.w.p.DocumentationPluginsBootstrapper - Found 1 custom documentation plugin(s)
[INFO ] 2020-06-03 16:40:26 [main] s.d.s.w.s.ApiListingReferenceScanner - Scanning for api listing references
[INFO ] 2020-06-03 16:40:26 [main] o.a.coyote.http11.Http11NioProtocol - Starting ProtocolHandler ["http-nio-8999"]
[INFO ] 2020-06-03 16:40:26 [main] c.n.l.LibrarianWebUiApplication - Started LibrarianWebUiApplication in 4.946 seconds (JVM running for 6.271)
[INFO ] 2020-06-03 16:43:12 [main] c.n.l.LibrarianWebUiApplication - Starting LibrarianWebUiApplication on PC-20180922LEEF with PID 20400 (D:\code\librarian\librarian-web-ui\target\classes started by Mypc in D:\code\librarian)
[INFO ] 2020-06-03 16:43:12 [main] c.n.l.LibrarianWebUiApplication - No active profile set, falling back to default profiles: default
[INFO ] 2020-06-03 16:43:12 [main] o.a.coyote.http11.Http11NioProtocol - Initializing ProtocolHandler ["http-nio-8999"]
[INFO ] 2020-06-03 16:43:12 [main] s.d.s.w.PropertySourcedRequestMappingHandlerMapping - Mapped URL path [/v2/api-docs] onto method [public org.springframework.http.ResponseEntity<springfox.documentation.spring.web.json.Json> springfox.documentation.swagger2.web.Swagger2Controller.getDocumentation(java.lang.String,javax.servlet.http.HttpServletRequest)]
[INFO ] 2020-06-03 16:43:12 [main] s.d.s.w.p.DocumentationPluginsBootstrapper - Context refreshed
[INFO ] 2020-06-03 16:43:12 [main] s.d.s.w.p.DocumentationPluginsBootstrapper - Found 1 custom documentation plugin(s)
[INFO ] 2020-06-03 16:43:12 [main] s.d.s.w.s.ApiListingReferenceScanner - Scanning for api listing references
[INFO ] 2020-06-03 16:43:12 [main] o.a.coyote.http11.Http11NioProtocol - Starting ProtocolHandler ["http-nio-8999"]
[INFO ] 2020-06-03 16:43:12 [main] c.n.l.LibrarianWebUiApplication - Started LibrarianWebUiApplication in 4.937 seconds (JVM running for 6.172)
