[INFO ] 2020-06-05 09:05:22 [main] c.n.l.LibrarianWebUiApplication - Starting LibrarianWebUiApplication on PC-20180922LEEF with PID 14376 (D:\code\librarian\librarian-web-ui\target\classes started by Mypc in D:\code\librarian)
[INFO ] 2020-06-05 09:05:22 [main] c.n.l.LibrarianWebUiApplication - No active profile set, falling back to default profiles: default
[INFO ] 2020-06-05 09:05:22 [main] o.a.coyote.http11.Http11NioProtocol - Initializing ProtocolHandler ["http-nio-8999"]
[INFO ] 2020-06-05 09:05:22 [main] s.d.s.w.PropertySourcedRequestMappingHandlerMapping - Mapped URL path [/v2/api-docs] onto method [public org.springframework.http.ResponseEntity<springfox.documentation.spring.web.json.Json> springfox.documentation.swagger2.web.Swagger2Controller.getDocumentation(java.lang.String,javax.servlet.http.HttpServletRequest)]
[INFO ] 2020-06-05 09:05:22 [main] s.d.s.w.p.DocumentationPluginsBootstrapper - Context refreshed
[INFO ] 2020-06-05 09:05:22 [main] s.d.s.w.p.DocumentationPluginsBootstrapper - Found 1 custom documentation plugin(s)
[INFO ] 2020-06-05 09:05:22 [main] s.d.s.w.s.ApiListingReferenceScanner - Scanning for api listing references
[INFO ] 2020-06-05 09:05:22 [main] o.a.coyote.http11.Http11NioProtocol - Starting ProtocolHandler ["http-nio-8999"]
[INFO ] 2020-06-05 09:05:22 [main] c.n.l.LibrarianWebUiApplication - Started LibrarianWebUiApplication in 5.368 seconds (JVM running for 6.551)
[INFO ] 2020-06-05 09:19:20 [main] c.n.l.LibrarianWebUiApplication - Starting LibrarianWebUiApplication on PC-20180922LEEF with PID 19932 (D:\code\librarian\librarian-web-ui\target\classes started by Mypc in D:\code\librarian)
[INFO ] 2020-06-05 09:19:20 [main] c.n.l.LibrarianWebUiApplication - No active profile set, falling back to default profiles: default
[INFO ] 2020-06-05 09:19:20 [main] o.a.coyote.http11.Http11NioProtocol - Initializing ProtocolHandler ["http-nio-8999"]
[INFO ] 2020-06-05 09:19:20 [main] s.d.s.w.PropertySourcedRequestMappingHandlerMapping - Mapped URL path [/v2/api-docs] onto method [public org.springframework.http.ResponseEntity<springfox.documentation.spring.web.json.Json> springfox.documentation.swagger2.web.Swagger2Controller.getDocumentation(java.lang.String,javax.servlet.http.HttpServletRequest)]
[INFO ] 2020-06-05 09:19:20 [main] s.d.s.w.p.DocumentationPluginsBootstrapper - Context refreshed
[INFO ] 2020-06-05 09:19:20 [main] s.d.s.w.p.DocumentationPluginsBootstrapper - Found 1 custom documentation plugin(s)
[INFO ] 2020-06-05 09:19:20 [main] s.d.s.w.s.ApiListingReferenceScanner - Scanning for api listing references
[INFO ] 2020-06-05 09:19:20 [main] o.a.coyote.http11.Http11NioProtocol - Starting ProtocolHandler ["http-nio-8999"]
[INFO ] 2020-06-05 09:19:20 [main] c.n.l.LibrarianWebUiApplication - Started LibrarianWebUiApplication in 4.716 seconds (JVM running for 5.964)
[INFO ] 2020-06-05 09:34:22 [main] c.n.l.LibrarianWebUiApplication - Starting LibrarianWebUiApplication on PC-20180922LEEF with PID 23208 (D:\code\librarian\librarian-web-ui\target\classes started by Mypc in D:\code\librarian)
[INFO ] 2020-06-05 09:34:22 [main] c.n.l.LibrarianWebUiApplication - No active profile set, falling back to default profiles: default
[INFO ] 2020-06-05 09:34:22 [main] o.a.coyote.http11.Http11NioProtocol - Initializing ProtocolHandler ["http-nio-8999"]
[INFO ] 2020-06-05 09:34:22 [main] s.d.s.w.PropertySourcedRequestMappingHandlerMapping - Mapped URL path [/v2/api-docs] onto method [public org.springframework.http.ResponseEntity<springfox.documentation.spring.web.json.Json> springfox.documentation.swagger2.web.Swagger2Controller.getDocumentation(java.lang.String,javax.servlet.http.HttpServletRequest)]
[INFO ] 2020-06-05 09:34:22 [main] s.d.s.w.p.DocumentationPluginsBootstrapper - Context refreshed
[INFO ] 2020-06-05 09:34:22 [main] s.d.s.w.p.DocumentationPluginsBootstrapper - Found 1 custom documentation plugin(s)
[INFO ] 2020-06-05 09:34:22 [main] s.d.s.w.s.ApiListingReferenceScanner - Scanning for api listing references
[INFO ] 2020-06-05 09:34:22 [main] o.a.coyote.http11.Http11NioProtocol - Starting ProtocolHandler ["http-nio-8999"]
[INFO ] 2020-06-05 09:34:22 [main] c.n.l.LibrarianWebUiApplication - Started LibrarianWebUiApplication in 4.772 seconds (JVM running for 5.846)
