[INFO ] 2020-05-21 18:16:16 [main] c.n.l.LibrarianWebUiApplication - Starting LibrarianWebUiApplication on PC-20180922LEEF with PID 19300 (D:\code\librarian\librarian-web-ui\target\classes started by Mypc in D:\code\librarian)
[INFO ] 2020-05-21 18:16:16 [main] c.n.l.LibrarianWebUiApplication - No active profile set, falling back to default profiles: default
[INFO ] 2020-05-21 18:16:16 [main] o.a.coyote.http11.Http11NioProtocol - Initializing ProtocolHandler ["http-nio-8999"]
[INFO ] 2020-05-21 18:16:16 [main] s.d.s.w.PropertySourcedRequestMappingHandlerMapping - Mapped URL path [/v2/api-docs] onto method [springfox.documentation.swagger2.web.Swagger2Controller#getDocumentation(String, HttpServletRequest)]
[INFO ] 2020-05-21 18:16:16 [main] s.d.s.w.p.DocumentationPluginsBootstrapper - Context refreshed
[INFO ] 2020-05-21 18:16:16 [main] s.d.s.w.p.DocumentationPluginsBootstrapper - Found 1 custom documentation plugin(s)
[INFO ] 2020-05-21 18:16:16 [main] s.d.s.w.s.ApiListingReferenceScanner - Scanning for api listing references
[INFO ] 2020-05-21 18:16:16 [main] o.a.coyote.http11.Http11NioProtocol - Starting ProtocolHandler ["http-nio-8999"]
[INFO ] 2020-05-21 18:16:16 [main] c.n.l.LibrarianWebUiApplication - Started LibrarianWebUiApplication in 4.516 seconds (JVM running for 5.967)
[INFO ] 2020-05-21 18:22:04 [main] c.n.l.LibrarianWebUiApplication - Starting LibrarianWebUiApplication on PC-20180922LEEF with PID 11704 (D:\code\librarian\librarian-web-ui\target\classes started by Mypc in D:\code\librarian)
[INFO ] 2020-05-21 18:22:04 [main] c.n.l.LibrarianWebUiApplication - No active profile set, falling back to default profiles: default
[INFO ] 2020-05-21 18:22:04 [main] o.a.coyote.http11.Http11NioProtocol - Initializing ProtocolHandler ["http-nio-8999"]
[INFO ] 2020-05-21 18:22:04 [main] s.d.s.w.PropertySourcedRequestMappingHandlerMapping - Mapped URL path [/v2/api-docs] onto method [springfox.documentation.swagger2.web.Swagger2Controller#getDocumentation(String, HttpServletRequest)]
[INFO ] 2020-05-21 18:22:04 [main] s.d.s.w.p.DocumentationPluginsBootstrapper - Context refreshed
[INFO ] 2020-05-21 18:22:04 [main] s.d.s.w.p.DocumentationPluginsBootstrapper - Found 1 custom documentation plugin(s)
[INFO ] 2020-05-21 18:22:04 [main] s.d.s.w.s.ApiListingReferenceScanner - Scanning for api listing references
[INFO ] 2020-05-21 18:22:04 [main] o.a.coyote.http11.Http11NioProtocol - Starting ProtocolHandler ["http-nio-8999"]
[INFO ] 2020-05-21 18:22:04 [main] c.n.l.LibrarianWebUiApplication - Started LibrarianWebUiApplication in 4.394 seconds (JVM running for 6.104)
[INFO ] 2020-05-21 18:23:01 [main] c.n.l.LibrarianWebUiApplication - Starting LibrarianWebUiApplication on PC-20180922LEEF with PID 21100 (D:\code\librarian\librarian-web-ui\target\classes started by Mypc in D:\code\librarian)
[INFO ] 2020-05-21 18:23:01 [main] c.n.l.LibrarianWebUiApplication - No active profile set, falling back to default profiles: default
[INFO ] 2020-05-21 18:23:01 [main] o.a.coyote.http11.Http11NioProtocol - Initializing ProtocolHandler ["http-nio-8999"]
[INFO ] 2020-05-21 18:23:01 [main] s.d.s.w.PropertySourcedRequestMappingHandlerMapping - Mapped URL path [/v2/api-docs] onto method [springfox.documentation.swagger2.web.Swagger2Controller#getDocumentation(String, HttpServletRequest)]
[INFO ] 2020-05-21 18:23:01 [main] s.d.s.w.p.DocumentationPluginsBootstrapper - Context refreshed
[INFO ] 2020-05-21 18:23:01 [main] s.d.s.w.p.DocumentationPluginsBootstrapper - Found 1 custom documentation plugin(s)
[INFO ] 2020-05-21 18:23:01 [main] s.d.s.w.s.ApiListingReferenceScanner - Scanning for api listing references
[INFO ] 2020-05-21 18:23:01 [main] o.a.coyote.http11.Http11NioProtocol - Starting ProtocolHandler ["http-nio-8999"]
[INFO ] 2020-05-21 18:23:01 [main] c.n.l.LibrarianWebUiApplication - Started LibrarianWebUiApplication in 4.364 seconds (JVM running for 5.435)
[INFO ] 2020-05-21 18:30:47 [main] c.n.l.LibrarianWebUiApplication - Starting LibrarianWebUiApplication on PC-20180922LEEF with PID 14664 (D:\code\librarian\librarian-web-ui\target\classes started by Mypc in D:\code\librarian)
[INFO ] 2020-05-21 18:30:47 [main] c.n.l.LibrarianWebUiApplication - No active profile set, falling back to default profiles: default
[INFO ] 2020-05-21 18:30:47 [main] o.a.coyote.http11.Http11NioProtocol - Initializing ProtocolHandler ["http-nio-8999"]
[INFO ] 2020-05-21 18:30:47 [main] s.d.s.w.PropertySourcedRequestMappingHandlerMapping - Mapped URL path [/v2/api-docs] onto method [springfox.documentation.swagger2.web.Swagger2Controller#getDocumentation(String, HttpServletRequest)]
[INFO ] 2020-05-21 18:30:47 [main] s.d.s.w.p.DocumentationPluginsBootstrapper - Context refreshed
[INFO ] 2020-05-21 18:30:47 [main] s.d.s.w.p.DocumentationPluginsBootstrapper - Found 1 custom documentation plugin(s)
[INFO ] 2020-05-21 18:30:47 [main] s.d.s.w.s.ApiListingReferenceScanner - Scanning for api listing references
[INFO ] 2020-05-21 18:30:47 [main] o.a.coyote.http11.Http11NioProtocol - Starting ProtocolHandler ["http-nio-8999"]
[INFO ] 2020-05-21 18:30:47 [main] c.n.l.LibrarianWebUiApplication - Started LibrarianWebUiApplication in 4.326 seconds (JVM running for 5.528)
[INFO ] 2020-05-21 18:32:18 [main] c.n.l.LibrarianWebUiApplication - Starting LibrarianWebUiApplication on PC-20180922LEEF with PID 18992 (D:\code\librarian\librarian-web-ui\target\classes started by Mypc in D:\code\librarian)
[INFO ] 2020-05-21 18:32:18 [main] c.n.l.LibrarianWebUiApplication - No active profile set, falling back to default profiles: default
[INFO ] 2020-05-21 18:32:18 [main] o.a.coyote.http11.Http11NioProtocol - Initializing ProtocolHandler ["http-nio-8999"]
[INFO ] 2020-05-21 18:32:18 [main] s.d.s.w.PropertySourcedRequestMappingHandlerMapping - Mapped URL path [/v2/api-docs] onto method [springfox.documentation.swagger2.web.Swagger2Controller#getDocumentation(String, HttpServletRequest)]
[INFO ] 2020-05-21 18:32:18 [main] s.d.s.w.p.DocumentationPluginsBootstrapper - Context refreshed
[INFO ] 2020-05-21 18:32:18 [main] s.d.s.w.p.DocumentationPluginsBootstrapper - Found 1 custom documentation plugin(s)
[INFO ] 2020-05-21 18:32:18 [main] s.d.s.w.s.ApiListingReferenceScanner - Scanning for api listing references
[INFO ] 2020-05-21 18:32:18 [main] o.a.coyote.http11.Http11NioProtocol - Starting ProtocolHandler ["http-nio-8999"]
[INFO ] 2020-05-21 18:32:18 [main] c.n.l.LibrarianWebUiApplication - Started LibrarianWebUiApplication in 4.461 seconds (JVM running for 5.681)
