[INFO ] 2020-05-14 22:24:35 [main] c.n.l.LibrarianWebUiApplication - No active profile set, falling back to default profiles: default
[INFO ] 2020-05-14 22:24:35 [main] o.a.coyote.http11.Http11NioProtocol - Initializing ProtocolHandler ["http-nio-8999"]
[INFO ] 2020-05-14 22:24:35 [main] s.d.s.w.PropertySourcedRequestMappingHandlerMapping - Mapped URL path [/v2/api-docs] onto method [springfox.documentation.swagger2.web.Swagger2Controller#getDocumentation(String, HttpServletRequest)]
[INFO ] 2020-05-14 22:24:35 [main] s.d.s.w.p.DocumentationPluginsBootstrapper - Context refreshed
[INFO ] 2020-05-14 22:24:35 [main] s.d.s.w.p.DocumentationPluginsBootstrapper - Found 1 custom documentation plugin(s)
[INFO ] 2020-05-14 22:24:35 [main] s.d.s.w.s.ApiListingReferenceScanner - Scanning for api listing references
[INFO ] 2020-05-14 22:24:35 [main] o.a.coyote.http11.Http11NioProtocol - Starting ProtocolHandler ["http-nio-8999"]
[INFO ] 2020-05-14 22:24:35 [main] c.n.l.LibrarianWebUiApplication - Started LibrarianWebUiApplication in 4.431 seconds (JVM running for 5.101)
[INFO ] 2020-05-14 22:40:59 [main] c.n.l.LibrarianWebUiApplication - Starting LibrarianWebUiApplication on PC-201905191908 with PID 5852 (F:\code\librarian\librarian-web-ui\target\classes started by Administrator in F:\code\librarian)
[INFO ] 2020-05-14 22:40:59 [main] c.n.l.LibrarianWebUiApplication - No active profile set, falling back to default profiles: default
[INFO ] 2020-05-14 22:40:59 [main] o.a.coyote.http11.Http11NioProtocol - Initializing ProtocolHandler ["http-nio-8999"]
[INFO ] 2020-05-14 22:40:59 [main] s.d.s.w.PropertySourcedRequestMappingHandlerMapping - Mapped URL path [/v2/api-docs] onto method [springfox.documentation.swagger2.web.Swagger2Controller#getDocumentation(String, HttpServletRequest)]
[INFO ] 2020-05-14 22:40:59 [main] s.d.s.w.p.DocumentationPluginsBootstrapper - Context refreshed
[INFO ] 2020-05-14 22:40:59 [main] s.d.s.w.p.DocumentationPluginsBootstrapper - Found 1 custom documentation plugin(s)
[INFO ] 2020-05-14 22:40:59 [main] s.d.s.w.s.ApiListingReferenceScanner - Scanning for api listing references
[INFO ] 2020-05-14 22:40:59 [main] o.a.coyote.http11.Http11NioProtocol - Starting ProtocolHandler ["http-nio-8999"]
[INFO ] 2020-05-14 22:40:59 [main] c.n.l.LibrarianWebUiApplication - Started LibrarianWebUiApplication in 1.819 seconds (JVM running for 2.457)
[INFO ] 2020-05-14 22:41:57 [main] c.n.l.LibrarianWebUiApplication - Starting LibrarianWebUiApplication on PC-201905191908 with PID 19432 (F:\code\librarian\librarian-web-ui\target\classes started by Administrator in F:\code\librarian)
[INFO ] 2020-05-14 22:41:57 [main] c.n.l.LibrarianWebUiApplication - No active profile set, falling back to default profiles: default
[INFO ] 2020-05-14 22:41:57 [main] o.a.coyote.http11.Http11NioProtocol - Initializing ProtocolHandler ["http-nio-8999"]
[INFO ] 2020-05-14 22:41:57 [main] s.d.s.w.PropertySourcedRequestMappingHandlerMapping - Mapped URL path [/v2/api-docs] onto method [springfox.documentation.swagger2.web.Swagger2Controller#getDocumentation(String, HttpServletRequest)]
[INFO ] 2020-05-14 22:41:57 [main] s.d.s.w.p.DocumentationPluginsBootstrapper - Context refreshed
[INFO ] 2020-05-14 22:41:57 [main] s.d.s.w.p.DocumentationPluginsBootstrapper - Found 1 custom documentation plugin(s)
[INFO ] 2020-05-14 22:41:57 [main] s.d.s.w.s.ApiListingReferenceScanner - Scanning for api listing references
[INFO ] 2020-05-14 22:41:57 [main] o.a.coyote.http11.Http11NioProtocol - Starting ProtocolHandler ["http-nio-8999"]
[INFO ] 2020-05-14 22:41:57 [main] c.n.l.LibrarianWebUiApplication - Started LibrarianWebUiApplication in 1.841 seconds (JVM running for 2.51)
[INFO ] 2020-05-14 22:45:34 [main] c.n.l.LibrarianWebUiApplication - Starting LibrarianWebUiApplication on PC-201905191908 with PID 14512 (F:\code\librarian\librarian-web-ui\target\classes started by Administrator in F:\code\librarian)
[INFO ] 2020-05-14 22:45:34 [main] c.n.l.LibrarianWebUiApplication - No active profile set, falling back to default profiles: default
[INFO ] 2020-05-14 22:45:34 [main] o.a.coyote.http11.Http11NioProtocol - Initializing ProtocolHandler ["http-nio-8999"]
[INFO ] 2020-05-14 22:45:34 [main] s.d.s.w.PropertySourcedRequestMappingHandlerMapping - Mapped URL path [/v2/api-docs] onto method [springfox.documentation.swagger2.web.Swagger2Controller#getDocumentation(String, HttpServletRequest)]
[INFO ] 2020-05-14 22:45:34 [main] s.d.s.w.p.DocumentationPluginsBootstrapper - Context refreshed
[INFO ] 2020-05-14 22:45:34 [main] s.d.s.w.p.DocumentationPluginsBootstrapper - Found 1 custom documentation plugin(s)
[INFO ] 2020-05-14 22:45:34 [main] s.d.s.w.s.ApiListingReferenceScanner - Scanning for api listing references
[INFO ] 2020-05-14 22:45:34 [main] o.a.coyote.http11.Http11NioProtocol - Starting ProtocolHandler ["http-nio-8999"]
[INFO ] 2020-05-14 22:45:34 [main] c.n.l.LibrarianWebUiApplication - Started LibrarianWebUiApplication in 1.817 seconds (JVM running for 2.449)
[INFO ] 2020-05-14 22:46:58 [main] c.n.l.LibrarianWebUiApplication - Starting LibrarianWebUiApplication on PC-201905191908 with PID 7252 (F:\code\librarian\librarian-web-ui\target\classes started by Administrator in F:\code\librarian)
[INFO ] 2020-05-14 22:46:58 [main] c.n.l.LibrarianWebUiApplication - No active profile set, falling back to default profiles: default
[INFO ] 2020-05-14 22:46:58 [main] o.a.coyote.http11.Http11NioProtocol - Initializing ProtocolHandler ["http-nio-8999"]
[INFO ] 2020-05-14 22:46:58 [main] s.d.s.w.PropertySourcedRequestMappingHandlerMapping - Mapped URL path [/v2/api-docs] onto method [springfox.documentation.swagger2.web.Swagger2Controller#getDocumentation(String, HttpServletRequest)]
[INFO ] 2020-05-14 22:46:58 [main] s.d.s.w.p.DocumentationPluginsBootstrapper - Context refreshed
[INFO ] 2020-05-14 22:46:58 [main] s.d.s.w.p.DocumentationPluginsBootstrapper - Found 1 custom documentation plugin(s)
[INFO ] 2020-05-14 22:46:58 [main] s.d.s.w.s.ApiListingReferenceScanner - Scanning for api listing references
[INFO ] 2020-05-14 22:46:58 [main] o.a.coyote.http11.Http11NioProtocol - Starting ProtocolHandler ["http-nio-8999"]
[INFO ] 2020-05-14 22:46:58 [main] c.n.l.LibrarianWebUiApplication - Started LibrarianWebUiApplication in 1.771 seconds (JVM running for 2.399)
[INFO ] 2020-05-14 22:50:31 [main] c.n.l.LibrarianWebUiApplication - Starting LibrarianWebUiApplication on PC-201905191908 with PID 4040 (F:\code\librarian\librarian-web-ui\target\classes started by Administrator in F:\code\librarian)
[INFO ] 2020-05-14 22:50:31 [main] c.n.l.LibrarianWebUiApplication - No active profile set, falling back to default profiles: default
[INFO ] 2020-05-14 22:50:31 [main] o.a.coyote.http11.Http11NioProtocol - Initializing ProtocolHandler ["http-nio-8999"]
[INFO ] 2020-05-14 22:50:31 [main] s.d.s.w.PropertySourcedRequestMappingHandlerMapping - Mapped URL path [/v2/api-docs] onto method [springfox.documentation.swagger2.web.Swagger2Controller#getDocumentation(String, HttpServletRequest)]
[INFO ] 2020-05-14 22:50:31 [main] s.d.s.w.p.DocumentationPluginsBootstrapper - Context refreshed
[INFO ] 2020-05-14 22:50:31 [main] s.d.s.w.p.DocumentationPluginsBootstrapper - Found 1 custom documentation plugin(s)
[INFO ] 2020-05-14 22:50:31 [main] s.d.s.w.s.ApiListingReferenceScanner - Scanning for api listing references
[INFO ] 2020-05-14 22:50:31 [main] o.a.coyote.http11.Http11NioProtocol - Starting ProtocolHandler ["http-nio-8999"]
[INFO ] 2020-05-14 22:50:31 [main] c.n.l.LibrarianWebUiApplication - Started LibrarianWebUiApplication in 1.753 seconds (JVM running for 2.382)
[INFO ] 2020-05-14 22:51:38 [main] c.n.l.LibrarianWebUiApplication - Starting LibrarianWebUiApplication on PC-201905191908 with PID 8708 (F:\code\librarian\librarian-web-ui\target\classes started by Administrator in F:\code\librarian)
[INFO ] 2020-05-14 22:51:38 [main] c.n.l.LibrarianWebUiApplication - No active profile set, falling back to default profiles: default
[INFO ] 2020-05-14 22:51:38 [main] o.a.coyote.http11.Http11NioProtocol - Initializing ProtocolHandler ["http-nio-8999"]
[INFO ] 2020-05-14 22:51:38 [main] s.d.s.w.PropertySourcedRequestMappingHandlerMapping - Mapped URL path [/v2/api-docs] onto method [springfox.documentation.swagger2.web.Swagger2Controller#getDocumentation(String, HttpServletRequest)]
[INFO ] 2020-05-14 22:51:38 [main] s.d.s.w.p.DocumentationPluginsBootstrapper - Context refreshed
[INFO ] 2020-05-14 22:51:38 [main] s.d.s.w.p.DocumentationPluginsBootstrapper - Found 1 custom documentation plugin(s)
[INFO ] 2020-05-14 22:51:38 [main] s.d.s.w.s.ApiListingReferenceScanner - Scanning for api listing references
[INFO ] 2020-05-14 22:51:38 [main] o.a.coyote.http11.Http11NioProtocol - Starting ProtocolHandler ["http-nio-8999"]
[INFO ] 2020-05-14 22:51:38 [main] c.n.l.LibrarianWebUiApplication - Started LibrarianWebUiApplication in 1.773 seconds (JVM running for 2.405)
[INFO ] 2020-05-14 22:52:30 [main] c.n.l.LibrarianWebUiApplication - Starting LibrarianWebUiApplication on PC-201905191908 with PID 13896 (F:\code\librarian\librarian-web-ui\target\classes started by Administrator in F:\code\librarian)
[INFO ] 2020-05-14 22:52:30 [main] c.n.l.LibrarianWebUiApplication - No active profile set, falling back to default profiles: default
[INFO ] 2020-05-14 22:52:30 [main] o.a.coyote.http11.Http11NioProtocol - Initializing ProtocolHandler ["http-nio-8999"]
[INFO ] 2020-05-14 22:52:30 [main] s.d.s.w.PropertySourcedRequestMappingHandlerMapping - Mapped URL path [/v2/api-docs] onto method [springfox.documentation.swagger2.web.Swagger2Controller#getDocumentation(String, HttpServletRequest)]
[INFO ] 2020-05-14 22:52:30 [main] s.d.s.w.p.DocumentationPluginsBootstrapper - Context refreshed
[INFO ] 2020-05-14 22:52:30 [main] s.d.s.w.p.DocumentationPluginsBootstrapper - Found 1 custom documentation plugin(s)
[INFO ] 2020-05-14 22:52:30 [main] s.d.s.w.s.ApiListingReferenceScanner - Scanning for api listing references
[INFO ] 2020-05-14 22:52:30 [main] o.a.coyote.http11.Http11NioProtocol - Starting ProtocolHandler ["http-nio-8999"]
[INFO ] 2020-05-14 22:52:30 [main] c.n.l.LibrarianWebUiApplication - Started LibrarianWebUiApplication in 1.774 seconds (JVM running for 2.397)
[INFO ] 2020-05-14 22:52:52 [main] c.n.l.LibrarianWebUiApplication - Starting LibrarianWebUiApplication on PC-201905191908 with PID 10292 (F:\code\librarian\librarian-web-ui\target\classes started by Administrator in F:\code\librarian)
[INFO ] 2020-05-14 22:52:52 [main] c.n.l.LibrarianWebUiApplication - No active profile set, falling back to default profiles: default
[INFO ] 2020-05-14 22:52:52 [main] o.a.coyote.http11.Http11NioProtocol - Initializing ProtocolHandler ["http-nio-8999"]
[INFO ] 2020-05-14 22:52:52 [main] s.d.s.w.PropertySourcedRequestMappingHandlerMapping - Mapped URL path [/v2/api-docs] onto method [springfox.documentation.swagger2.web.Swagger2Controller#getDocumentation(String, HttpServletRequest)]
[INFO ] 2020-05-14 22:52:52 [main] s.d.s.w.p.DocumentationPluginsBootstrapper - Context refreshed
[INFO ] 2020-05-14 22:52:52 [main] s.d.s.w.p.DocumentationPluginsBootstrapper - Found 1 custom documentation plugin(s)
[INFO ] 2020-05-14 22:52:52 [main] s.d.s.w.s.ApiListingReferenceScanner - Scanning for api listing references
[INFO ] 2020-05-14 22:52:52 [main] o.a.coyote.http11.Http11NioProtocol - Starting ProtocolHandler ["http-nio-8999"]
[INFO ] 2020-05-14 22:52:52 [main] c.n.l.LibrarianWebUiApplication - Started LibrarianWebUiApplication in 1.826 seconds (JVM running for 2.445)
[INFO ] 2020-05-14 22:59:09 [main] c.n.l.LibrarianWebUiApplication - Starting LibrarianWebUiApplication on PC-201905191908 with PID 11604 (F:\code\librarian\librarian-web-ui\target\classes started by Administrator in F:\code\librarian)
[INFO ] 2020-05-14 22:59:09 [main] c.n.l.LibrarianWebUiApplication - No active profile set, falling back to default profiles: default
[INFO ] 2020-05-14 22:59:09 [main] o.a.coyote.http11.Http11NioProtocol - Initializing ProtocolHandler ["http-nio-8999"]
[INFO ] 2020-05-14 22:59:09 [main] s.d.s.w.PropertySourcedRequestMappingHandlerMapping - Mapped URL path [/v2/api-docs] onto method [springfox.documentation.swagger2.web.Swagger2Controller#getDocumentation(String, HttpServletRequest)]
[INFO ] 2020-05-14 22:59:09 [main] s.d.s.w.p.DocumentationPluginsBootstrapper - Context refreshed
[INFO ] 2020-05-14 22:59:09 [main] s.d.s.w.p.DocumentationPluginsBootstrapper - Found 1 custom documentation plugin(s)
[INFO ] 2020-05-14 22:59:09 [main] s.d.s.w.s.ApiListingReferenceScanner - Scanning for api listing references
[INFO ] 2020-05-14 22:59:09 [main] o.a.coyote.http11.Http11NioProtocol - Starting ProtocolHandler ["http-nio-8999"]
[INFO ] 2020-05-14 22:59:09 [main] c.n.l.LibrarianWebUiApplication - Started LibrarianWebUiApplication in 1.774 seconds (JVM running for 2.385)
[INFO ] 2020-05-14 23:20:08 [main] c.n.l.LibrarianWebUiApplication - No active profile set, falling back to default profiles: default
[INFO ] 2020-05-14 23:22:10 [main] c.n.l.LibrarianWebUiApplication - No active profile set, falling back to default profiles: default
[INFO ] 2020-05-14 23:23:39 [main] c.n.l.LibrarianWebUiApplication - No active profile set, falling back to default profiles: default
[INFO ] 2020-05-14 23:35:15 [main] c.n.l.LibrarianWebUiApplication - No active profile set, falling back to default profiles: default
[INFO ] 2020-05-14 23:35:47 [main] c.n.l.LibrarianWebUiApplication - No active profile set, falling back to default profiles: default
[INFO ] 2020-05-14 23:44:28 [main] c.n.l.LibrarianWebUiApplication - No active profile set, falling back to default profiles: default
[INFO ] 2020-05-14 23:47:21 [main] c.n.l.LibrarianWebUiApplication - No active profile set, falling back to default profiles: default
[INFO ] 2020-05-14 23:47:21 [main] o.a.coyote.http11.Http11NioProtocol - Initializing ProtocolHandler ["http-nio-8999"]
[INFO ] 2020-05-14 23:47:21 [main] s.d.s.w.PropertySourcedRequestMappingHandlerMapping - Mapped URL path [/v2/api-docs] onto method [springfox.documentation.swagger2.web.Swagger2Controller#getDocumentation(String, HttpServletRequest)]
[INFO ] 2020-05-14 23:47:56 [main] c.n.l.LibrarianWebUiApplication - No active profile set, falling back to default profiles: default
[INFO ] 2020-05-14 23:47:56 [main] o.a.coyote.http11.Http11NioProtocol - Initializing ProtocolHandler ["http-nio-8999"]
[INFO ] 2020-05-14 23:47:56 [main] s.d.s.w.PropertySourcedRequestMappingHandlerMapping - Mapped URL path [/v2/api-docs] onto method [springfox.documentation.swagger2.web.Swagger2Controller#getDocumentation(String, HttpServletRequest)]
[INFO ] 2020-05-14 23:47:56 [main] s.d.s.w.p.DocumentationPluginsBootstrapper - Context refreshed
[INFO ] 2020-05-14 23:47:56 [main] s.d.s.w.p.DocumentationPluginsBootstrapper - Found 1 custom documentation plugin(s)
[INFO ] 2020-05-14 23:47:56 [main] s.d.s.w.s.ApiListingReferenceScanner - Scanning for api listing references
[INFO ] 2020-05-14 23:47:56 [main] o.a.coyote.http11.Http11NioProtocol - Starting ProtocolHandler ["http-nio-8999"]
[INFO ] 2020-05-14 23:47:56 [main] c.n.l.LibrarianWebUiApplication - Started LibrarianWebUiApplication in 4.071 seconds (JVM running for 4.724)
[INFO ] 2020-05-14 23:49:50 [main] c.n.l.LibrarianWebUiApplication - No active profile set, falling back to default profiles: default
[INFO ] 2020-05-14 23:49:50 [main] o.a.coyote.http11.Http11NioProtocol - Initializing ProtocolHandler ["http-nio-8999"]
[INFO ] 2020-05-14 23:49:50 [main] s.d.s.w.PropertySourcedRequestMappingHandlerMapping - Mapped URL path [/v2/api-docs] onto method [springfox.documentation.swagger2.web.Swagger2Controller#getDocumentation(String, HttpServletRequest)]
[INFO ] 2020-05-14 23:49:50 [main] s.d.s.w.p.DocumentationPluginsBootstrapper - Context refreshed
[INFO ] 2020-05-14 23:49:50 [main] s.d.s.w.p.DocumentationPluginsBootstrapper - Found 1 custom documentation plugin(s)
[INFO ] 2020-05-14 23:49:50 [main] s.d.s.w.s.ApiListingReferenceScanner - Scanning for api listing references
[INFO ] 2020-05-14 23:49:50 [main] o.a.coyote.http11.Http11NioProtocol - Starting ProtocolHandler ["http-nio-8999"]
[INFO ] 2020-05-14 23:49:50 [main] c.n.l.LibrarianWebUiApplication - Started LibrarianWebUiApplication in 4.217 seconds (JVM running for 4.907)
[INFO ] 2020-05-14 23:54:07 [main] c.n.l.LibrarianWebUiApplication - No active profile set, falling back to default profiles: default
[INFO ] 2020-05-14 23:54:07 [main] o.a.coyote.http11.Http11NioProtocol - Initializing ProtocolHandler ["http-nio-8999"]
[INFO ] 2020-05-14 23:54:07 [main] s.d.s.w.PropertySourcedRequestMappingHandlerMapping - Mapped URL path [/v2/api-docs] onto method [springfox.documentation.swagger2.web.Swagger2Controller#getDocumentation(String, HttpServletRequest)]
[INFO ] 2020-05-14 23:54:07 [main] s.d.s.w.p.DocumentationPluginsBootstrapper - Context refreshed
[INFO ] 2020-05-14 23:54:07 [main] s.d.s.w.p.DocumentationPluginsBootstrapper - Found 1 custom documentation plugin(s)
[INFO ] 2020-05-14 23:54:07 [main] s.d.s.w.s.ApiListingReferenceScanner - Scanning for api listing references
[INFO ] 2020-05-14 23:54:07 [main] o.a.coyote.http11.Http11NioProtocol - Starting ProtocolHandler ["http-nio-8999"]
[INFO ] 2020-05-14 23:54:07 [main] c.n.l.LibrarianWebUiApplication - Started LibrarianWebUiApplication in 4.135 seconds (JVM running for 4.832)
