[INFO ] 2020-05-19 19:32:29 [main] c.n.l.LibrarianWebUiApplication - No active profile set, falling back to default profiles: default
[INFO ] 2020-05-19 19:32:29 [main] o.a.coyote.http11.Http11NioProtocol - Initializing ProtocolHandler ["http-nio-8999"]
[INFO ] 2020-05-19 19:32:29 [main] s.d.s.w.PropertySourcedRequestMappingHandlerMapping - Mapped URL path [/v2/api-docs] onto method [springfox.documentation.swagger2.web.Swagger2Controller#getDocumentation(String, HttpServletRequest)]
[INFO ] 2020-05-19 19:32:29 [main] s.d.s.w.p.DocumentationPluginsBootstrapper - Context refreshed
[INFO ] 2020-05-19 19:32:29 [main] s.d.s.w.p.DocumentationPluginsBootstrapper - Found 1 custom documentation plugin(s)
[INFO ] 2020-05-19 19:32:29 [main] s.d.s.w.s.ApiListingReferenceScanner - Scanning for api listing references
[INFO ] 2020-05-19 19:32:29 [main] o.a.coyote.http11.Http11NioProtocol - Starting ProtocolHandler ["http-nio-8999"]
[INFO ] 2020-05-19 19:32:29 [main] c.n.l.LibrarianWebUiApplication - Started LibrarianWebUiApplication in 4.394 seconds (JVM running for 5.662)
[INFO ] 2020-05-19 19:46:16 [main] c.n.l.LibrarianWebUiApplication - No active profile set, falling back to default profiles: default
[INFO ] 2020-05-19 19:46:16 [main] o.a.coyote.http11.Http11NioProtocol - Initializing ProtocolHandler ["http-nio-8999"]
[INFO ] 2020-05-19 19:46:16 [main] s.d.s.w.PropertySourcedRequestMappingHandlerMapping - Mapped URL path [/v2/api-docs] onto method [springfox.documentation.swagger2.web.Swagger2Controller#getDocumentation(String, HttpServletRequest)]
[INFO ] 2020-05-19 19:46:16 [main] s.d.s.w.p.DocumentationPluginsBootstrapper - Context refreshed
[INFO ] 2020-05-19 19:46:16 [main] s.d.s.w.p.DocumentationPluginsBootstrapper - Found 1 custom documentation plugin(s)
[INFO ] 2020-05-19 19:46:16 [main] s.d.s.w.s.ApiListingReferenceScanner - Scanning for api listing references
[INFO ] 2020-05-19 19:46:16 [main] o.a.coyote.http11.Http11NioProtocol - Starting ProtocolHandler ["http-nio-8999"]
[INFO ] 2020-05-19 19:46:16 [main] c.n.l.LibrarianWebUiApplication - Started LibrarianWebUiApplication in 4.279 seconds (JVM running for 5.095)
[INFO ] 2020-05-19 20:32:21 [main] c.n.l.LibrarianWebUiApplication - No active profile set, falling back to default profiles: default
[INFO ] 2020-05-19 20:32:21 [main] o.a.coyote.http11.Http11NioProtocol - Initializing ProtocolHandler ["http-nio-8999"]
[INFO ] 2020-05-19 20:32:21 [main] s.d.s.w.PropertySourcedRequestMappingHandlerMapping - Mapped URL path [/v2/api-docs] onto method [springfox.documentation.swagger2.web.Swagger2Controller#getDocumentation(String, HttpServletRequest)]
[INFO ] 2020-05-19 20:32:21 [main] s.d.s.w.p.DocumentationPluginsBootstrapper - Context refreshed
[INFO ] 2020-05-19 20:32:21 [main] s.d.s.w.p.DocumentationPluginsBootstrapper - Found 1 custom documentation plugin(s)
[INFO ] 2020-05-19 20:32:21 [main] s.d.s.w.s.ApiListingReferenceScanner - Scanning for api listing references
[INFO ] 2020-05-19 20:32:21 [main] o.a.coyote.http11.Http11NioProtocol - Starting ProtocolHandler ["http-nio-8999"]
[INFO ] 2020-05-19 20:32:21 [main] c.n.l.LibrarianWebUiApplication - Started LibrarianWebUiApplication in 4.211 seconds (JVM running for 4.97)
[INFO ] 2020-05-19 20:38:59 [main] c.n.l.LibrarianWebUiApplication - No active profile set, falling back to default profiles: default
[INFO ] 2020-05-19 20:38:59 [main] o.a.coyote.http11.Http11NioProtocol - Initializing ProtocolHandler ["http-nio-8999"]
[INFO ] 2020-05-19 20:38:59 [main] s.d.s.w.PropertySourcedRequestMappingHandlerMapping - Mapped URL path [/v2/api-docs] onto method [springfox.documentation.swagger2.web.Swagger2Controller#getDocumentation(String, HttpServletRequest)]
[INFO ] 2020-05-19 20:38:59 [main] s.d.s.w.p.DocumentationPluginsBootstrapper - Context refreshed
[INFO ] 2020-05-19 20:38:59 [main] s.d.s.w.p.DocumentationPluginsBootstrapper - Found 1 custom documentation plugin(s)
[INFO ] 2020-05-19 20:38:59 [main] s.d.s.w.s.ApiListingReferenceScanner - Scanning for api listing references
[INFO ] 2020-05-19 20:38:59 [main] o.a.coyote.http11.Http11NioProtocol - Starting ProtocolHandler ["http-nio-8999"]
[INFO ] 2020-05-19 20:38:59 [main] c.n.l.LibrarianWebUiApplication - Started LibrarianWebUiApplication in 4.23 seconds (JVM running for 4.95)
[INFO ] 2020-05-19 20:39:27 [main] c.n.l.LibrarianWebUiApplication - No active profile set, falling back to default profiles: default
[INFO ] 2020-05-19 20:39:27 [main] o.a.coyote.http11.Http11NioProtocol - Initializing ProtocolHandler ["http-nio-8999"]
[INFO ] 2020-05-19 20:39:27 [main] s.d.s.w.PropertySourcedRequestMappingHandlerMapping - Mapped URL path [/v2/api-docs] onto method [springfox.documentation.swagger2.web.Swagger2Controller#getDocumentation(String, HttpServletRequest)]
[INFO ] 2020-05-19 20:39:27 [main] s.d.s.w.p.DocumentationPluginsBootstrapper - Context refreshed
[INFO ] 2020-05-19 20:39:27 [main] s.d.s.w.p.DocumentationPluginsBootstrapper - Found 1 custom documentation plugin(s)
[INFO ] 2020-05-19 20:39:27 [main] s.d.s.w.s.ApiListingReferenceScanner - Scanning for api listing references
[INFO ] 2020-05-19 20:39:27 [main] o.a.coyote.http11.Http11NioProtocol - Starting ProtocolHandler ["http-nio-8999"]
[INFO ] 2020-05-19 20:39:27 [main] c.n.l.LibrarianWebUiApplication - Started LibrarianWebUiApplication in 4.288 seconds (JVM running for 5.026)
[INFO ] 2020-05-19 20:40:13 [main] c.n.l.LibrarianWebUiApplication - No active profile set, falling back to default profiles: default
[INFO ] 2020-05-19 20:40:13 [main] o.a.coyote.http11.Http11NioProtocol - Initializing ProtocolHandler ["http-nio-8999"]
[INFO ] 2020-05-19 20:40:13 [main] s.d.s.w.PropertySourcedRequestMappingHandlerMapping - Mapped URL path [/v2/api-docs] onto method [springfox.documentation.swagger2.web.Swagger2Controller#getDocumentation(String, HttpServletRequest)]
[INFO ] 2020-05-19 20:40:13 [main] s.d.s.w.p.DocumentationPluginsBootstrapper - Context refreshed
[INFO ] 2020-05-19 20:40:13 [main] s.d.s.w.p.DocumentationPluginsBootstrapper - Found 1 custom documentation plugin(s)
[INFO ] 2020-05-19 20:40:13 [main] s.d.s.w.s.ApiListingReferenceScanner - Scanning for api listing references
[INFO ] 2020-05-19 20:40:13 [main] o.a.coyote.http11.Http11NioProtocol - Starting ProtocolHandler ["http-nio-8999"]
[INFO ] 2020-05-19 20:40:13 [main] c.n.l.LibrarianWebUiApplication - Started LibrarianWebUiApplication in 4.211 seconds (JVM running for 4.896)
[INFO ] 2020-05-19 20:45:19 [main] c.n.l.LibrarianWebUiApplication - No active profile set, falling back to default profiles: default
[INFO ] 2020-05-19 20:45:19 [main] o.a.coyote.http11.Http11NioProtocol - Initializing ProtocolHandler ["http-nio-8999"]
[INFO ] 2020-05-19 20:45:19 [main] s.d.s.w.PropertySourcedRequestMappingHandlerMapping - Mapped URL path [/v2/api-docs] onto method [springfox.documentation.swagger2.web.Swagger2Controller#getDocumentation(String, HttpServletRequest)]
[INFO ] 2020-05-19 20:45:19 [main] s.d.s.w.p.DocumentationPluginsBootstrapper - Context refreshed
[INFO ] 2020-05-19 20:45:19 [main] s.d.s.w.p.DocumentationPluginsBootstrapper - Found 1 custom documentation plugin(s)
[INFO ] 2020-05-19 20:45:19 [main] s.d.s.w.s.ApiListingReferenceScanner - Scanning for api listing references
[INFO ] 2020-05-19 20:45:19 [main] o.a.coyote.http11.Http11NioProtocol - Starting ProtocolHandler ["http-nio-8999"]
[INFO ] 2020-05-19 20:45:19 [main] c.n.l.LibrarianWebUiApplication - Started LibrarianWebUiApplication in 4.154 seconds (JVM running for 4.857)
[INFO ] 2020-05-19 20:47:14 [main] c.n.l.LibrarianWebUiApplication - No active profile set, falling back to default profiles: default
[INFO ] 2020-05-19 20:47:14 [main] o.a.coyote.http11.Http11NioProtocol - Initializing ProtocolHandler ["http-nio-8999"]
[INFO ] 2020-05-19 20:47:14 [main] s.d.s.w.PropertySourcedRequestMappingHandlerMapping - Mapped URL path [/v2/api-docs] onto method [springfox.documentation.swagger2.web.Swagger2Controller#getDocumentation(String, HttpServletRequest)]
[INFO ] 2020-05-19 20:47:14 [main] s.d.s.w.p.DocumentationPluginsBootstrapper - Context refreshed
[INFO ] 2020-05-19 20:47:14 [main] s.d.s.w.p.DocumentationPluginsBootstrapper - Found 1 custom documentation plugin(s)
[INFO ] 2020-05-19 20:47:14 [main] s.d.s.w.s.ApiListingReferenceScanner - Scanning for api listing references
[INFO ] 2020-05-19 20:47:14 [main] o.a.coyote.http11.Http11NioProtocol - Starting ProtocolHandler ["http-nio-8999"]
[INFO ] 2020-05-19 20:47:14 [main] c.n.l.LibrarianWebUiApplication - Started LibrarianWebUiApplication in 4.362 seconds (JVM running for 5.056)
[INFO ] 2020-05-19 21:13:15 [main] c.n.l.LibrarianWebUiApplication - No active profile set, falling back to default profiles: default
[INFO ] 2020-05-19 21:13:15 [main] o.a.coyote.http11.Http11NioProtocol - Initializing ProtocolHandler ["http-nio-8999"]
[INFO ] 2020-05-19 21:13:15 [main] s.d.s.w.PropertySourcedRequestMappingHandlerMapping - Mapped URL path [/v2/api-docs] onto method [springfox.documentation.swagger2.web.Swagger2Controller#getDocumentation(String, HttpServletRequest)]
[INFO ] 2020-05-19 21:13:15 [main] s.d.s.w.p.DocumentationPluginsBootstrapper - Context refreshed
[INFO ] 2020-05-19 21:13:15 [main] s.d.s.w.p.DocumentationPluginsBootstrapper - Found 1 custom documentation plugin(s)
[INFO ] 2020-05-19 21:13:15 [main] s.d.s.w.s.ApiListingReferenceScanner - Scanning for api listing references
[INFO ] 2020-05-19 21:13:15 [main] o.a.coyote.http11.Http11NioProtocol - Starting ProtocolHandler ["http-nio-8999"]
[INFO ] 2020-05-19 21:13:15 [main] c.n.l.LibrarianWebUiApplication - Started LibrarianWebUiApplication in 4.287 seconds (JVM running for 5.128)
[INFO ] 2020-05-19 23:14:19 [main] c.n.l.LibrarianWebUiApplication - No active profile set, falling back to default profiles: default
[INFO ] 2020-05-19 23:14:19 [main] o.a.coyote.http11.Http11NioProtocol - Initializing ProtocolHandler ["http-nio-8999"]
